{
  "RSpec": {
    "coverage": {
      "C:/Users/Steven/Source/mental-test/spec/alexa_help_spec.rb": [
        null,
        null,
        1,
        null,
        1,
        1,
        1,
        null,
        null
      ],
      "C:/Users/Steven/Source/mental-test/models/init.rb": [
        null,
        null,
        1,
        1,
        1,
        1,
        1,
        1,
        1,
        1
      ],
      "C:/Users/Steven/Source/mental-test/models/alexa_help.rb": [
        null,
        null,
        null,
        1,
        1,
        null,
        1,
        1,
        null,
        null
      ],
      "C:/Users/Steven/Source/mental-test/models/assessment.rb": [
        null,
        null,
        null,
        1,
        null,
        null,
        1,
        1,
        1,
        1,
        null,
        1,
        1,
        null,
        null
      ],
      "C:/Users/Steven/Source/mental-test/models/assessment_instrument.rb": [
        null,
        null,
        null,
        1,
        null,
        null,
        1,
        1,
        null,
        1,
        1,
        null
      ],
      "C:/Users/Steven/Source/mental-test/models/instrument.rb": [
        null,
        null,
        1,
        null,
        null,
        null,
        1,
        null,
        null,
        1,
        1,
        null,
        1,
        null,
        null,
        null,
        1,
        1,
        1,
        null,
        null,
        null,
        null,
        1,
        null,
        1,
        1,
        null,
        null,
        null,
        1,
        14,
        14,
        25,
        14,
        220,
        220,
        null,
        14,
        null,
        null,
        1,
        2,
        null,
        null,
        1,
        1,
        null,
        null
      ],
      "C:/Users/Steven/Source/mental-test/models/item.rb": [
        null,
        null,
        null,
        null,
        1,
        1,
        1,
        1,
        1,
        1,
        null,
        1,
        221,
        221,
        221,
        221,
        221,
        null,
        null,
        1,
        2,
        null,
        null,
        1,
        1,
        null,
        null
      ],
      "C:/Users/Steven/Source/mental-test/models/survey.rb": [
        null,
        null,
        null,
        1,
        null,
        null,
        1,
        1,
        null,
        2,
        null,
        1,
        1,
        1,
        null,
        null,
        null,
        null,
        1,
        1,
        null,
        null,
        1,
        1,
        null,
        null,
        1,
        5,
        null,
        null,
        null
      ],
      "C:/Users/Steven/Source/mental-test/models/user.rb": [
        null,
        null,
        null,
        null,
        1,
        null,
        null,
        1,
        1,
        null,
        1,
        1,
        1,
        null,
        null,
        null,
        null,
        1,
        7,
        null,
        null,
        1,
        1,
        null,
        null
      ],
      "C:/Users/Steven/Source/mental-test/models/user_survey.rb": [
        null,
        null,
        null,
        1,
        null,
        null,
        1,
        1,
        null,
        1,
        1,
        null
      ],
      "C:/Users/Steven/Source/mental-test/spec/assessment_instrument_spec.rb": [
        null,
        null,
        1,
        null,
        1,
        1,
        2,
        null,
        null
      ],
      "C:/Users/Steven/Source/mental-test/spec/assessment_spec.rb": [
        null,
        null,
        1,
        null,
        1,
        1,
        2,
        null,
        null
      ],
      "C:/Users/Steven/Source/mental-test/spec/instrument_spec.rb": [
        null,
        null,
        1,
        null,
        1,
        1,
        1,
        1,
        1,
        null,
        null,
        1,
        1,
        1,
        null,
        null,
        1,
        1,
        null,
        null,
        null,
        1,
        1,
        1,
        1,
        null,
        null,
        null,
        null,
        1,
        1,
        1,
        1,
        2,
        null,
        null,
        1,
        1,
        2,
        null,
        null,
        1,
        1,
        2,
        null,
        null,
        null
      ],
      "C:/Users/Steven/Source/mental-test/spec/item_spec.rb": [
        null,
        null,
        1,
        null,
        1,
        1,
        1,
        1,
        1,
        null,
        null,
        null,
        1,
        1,
        1,
        1,
        1,
        null,
        null,
        null,
        1,
        1,
        1,
        1,
        null,
        null,
        null
      ],
      "C:/Users/Steven/Source/mental-test/spec/survey_spec.rb": [
        null,
        null,
        1,
        null,
        1,
        1,
        1,
        2,
        null,
        null,
        1,
        2,
        null,
        null,
        null,
        1,
        1,
        1,
        1,
        1,
        null,
        null,
        1,
        1,
        1,
        1,
        null,
        null,
        null,
        null,
        null,
        1,
        1,
        1,
        1,
        1,
        1,
        1,
        1,
        1,
        1,
        null,
        null,
        null
      ],
      "C:/Users/Steven/Source/mental-test/spec/user_spec.rb": [
        null,
        null,
        1,
        null,
        1,
        1,
        1,
        null,
        1,
        4,
        null,
        null,
        1,
        1,
        4,
        1,
        1,
        null,
        null,
        1,
        4,
        null,
        null,
        1,
        4,
        null,
        null,
        null,
        null,
        1,
        1,
        1,
        1,
        1,
        null,
        null,
        1,
        1,
        1,
        null,
        1,
        1,
        1,
        1,
        null,
        null,
        1,
        4,
        null,
        null,
        null,
        null,
        1,
        1,
        1,
        1,
        1,
        null,
        null,
        null
      ],
      "C:/Users/Steven/Source/mental-test/spec/user_survey_spec.rb": [
        null,
        null,
        1,
        null,
        1,
        1,
        2,
        null,
        null
      ],
      "C:/Users/Steven/Source/mental-test/db/seeds.rb": [
        null,
        null,
        1,
        2,
        2,
        2,
        2,
        null,
        null
      ],
      "C:/Users/Steven/Source/mental-test/db/seeds/all.rb": [
        null,
        null,
        1,
        1,
        1,
        1,
        null,
        1,
        1,
        1
      ],
      "C:/Users/Steven/Source/mental-test/db/seeds/test.rb": [
        null
      ]
    },
    "timestamp": 1519492728
  }
}
